ARM GAS  C:\Users\Student\AppData\Local\Temp\cczwuzOW.s 			page 1


   1              		.cpu cortex-m7
   2              		.eabi_attribute 27, 1
   3              		.eabi_attribute 28, 1
   4              		.eabi_attribute 20, 1
   5              		.eabi_attribute 21, 1
   6              		.eabi_attribute 23, 3
   7              		.eabi_attribute 24, 1
   8              		.eabi_attribute 25, 1
   9              		.eabi_attribute 26, 1
  10              		.eabi_attribute 30, 1
  11              		.eabi_attribute 34, 1
  12              		.eabi_attribute 18, 4
  13              		.file	"stm32f7xx_hal_timebase_TIM.c"
  14              		.text
  15              	.Ltext0:
  16              		.cfi_sections	.debug_frame
  17              		.section	.text.HAL_InitTick,"ax",%progbits
  18              		.align	1
  19              		.global	HAL_InitTick
  20              		.syntax unified
  21              		.thumb
  22              		.thumb_func
  23              		.fpu fpv5-sp-d16
  25              	HAL_InitTick:
  26              	.LFB136:
  27              		.file 1 "Src/stm32f7xx_hal_timebase_TIM.c"
   1:Src/stm32f7xx_hal_timebase_TIM.c **** /**
   2:Src/stm32f7xx_hal_timebase_TIM.c ****   ******************************************************************************
   3:Src/stm32f7xx_hal_timebase_TIM.c ****   * @file    stm32f7xx_hal_timebase_TIM.c 
   4:Src/stm32f7xx_hal_timebase_TIM.c ****   * @brief   HAL time base based on the hardware TIM.
   5:Src/stm32f7xx_hal_timebase_TIM.c ****   ******************************************************************************
   6:Src/stm32f7xx_hal_timebase_TIM.c ****   * This notice applies to any and all portions of this file
   7:Src/stm32f7xx_hal_timebase_TIM.c ****   * that are not between comment pairs USER CODE BEGIN and
   8:Src/stm32f7xx_hal_timebase_TIM.c ****   * USER CODE END. Other portions of this file, whether 
   9:Src/stm32f7xx_hal_timebase_TIM.c ****   * inserted by the user or by software development tools
  10:Src/stm32f7xx_hal_timebase_TIM.c ****   * are owned by their respective copyright owners.
  11:Src/stm32f7xx_hal_timebase_TIM.c ****   *
  12:Src/stm32f7xx_hal_timebase_TIM.c ****   * Copyright (c) 2018 STMicroelectronics International N.V. 
  13:Src/stm32f7xx_hal_timebase_TIM.c ****   * All rights reserved.
  14:Src/stm32f7xx_hal_timebase_TIM.c ****   *
  15:Src/stm32f7xx_hal_timebase_TIM.c ****   * Redistribution and use in source and binary forms, with or without 
  16:Src/stm32f7xx_hal_timebase_TIM.c ****   * modification, are permitted, provided that the following conditions are met:
  17:Src/stm32f7xx_hal_timebase_TIM.c ****   *
  18:Src/stm32f7xx_hal_timebase_TIM.c ****   * 1. Redistribution of source code must retain the above copyright notice, 
  19:Src/stm32f7xx_hal_timebase_TIM.c ****   *    this list of conditions and the following disclaimer.
  20:Src/stm32f7xx_hal_timebase_TIM.c ****   * 2. Redistributions in binary form must reproduce the above copyright notice,
  21:Src/stm32f7xx_hal_timebase_TIM.c ****   *    this list of conditions and the following disclaimer in the documentation
  22:Src/stm32f7xx_hal_timebase_TIM.c ****   *    and/or other materials provided with the distribution.
  23:Src/stm32f7xx_hal_timebase_TIM.c ****   * 3. Neither the name of STMicroelectronics nor the names of other 
  24:Src/stm32f7xx_hal_timebase_TIM.c ****   *    contributors to this software may be used to endorse or promote products 
  25:Src/stm32f7xx_hal_timebase_TIM.c ****   *    derived from this software without specific written permission.
  26:Src/stm32f7xx_hal_timebase_TIM.c ****   * 4. This software, including modifications and/or derivative works of this 
  27:Src/stm32f7xx_hal_timebase_TIM.c ****   *    software, must execute solely and exclusively on microcontroller or
  28:Src/stm32f7xx_hal_timebase_TIM.c ****   *    microprocessor devices manufactured by or for STMicroelectronics.
  29:Src/stm32f7xx_hal_timebase_TIM.c ****   * 5. Redistribution and use of this software other than as permitted under 
  30:Src/stm32f7xx_hal_timebase_TIM.c ****   *    this license is void and will automatically terminate your rights under 
  31:Src/stm32f7xx_hal_timebase_TIM.c ****   *    this license. 
ARM GAS  C:\Users\Student\AppData\Local\Temp\cczwuzOW.s 			page 2


  32:Src/stm32f7xx_hal_timebase_TIM.c ****   *
  33:Src/stm32f7xx_hal_timebase_TIM.c ****   * THIS SOFTWARE IS PROVIDED BY STMICROELECTRONICS AND CONTRIBUTORS "AS IS" 
  34:Src/stm32f7xx_hal_timebase_TIM.c ****   * AND ANY EXPRESS, IMPLIED OR STATUTORY WARRANTIES, INCLUDING, BUT NOT 
  35:Src/stm32f7xx_hal_timebase_TIM.c ****   * LIMITED TO, THE IMPLIED WARRANTIES OF MERCHANTABILITY, FITNESS FOR A 
  36:Src/stm32f7xx_hal_timebase_TIM.c ****   * PARTICULAR PURPOSE AND NON-INFRINGEMENT OF THIRD PARTY INTELLECTUAL PROPERTY
  37:Src/stm32f7xx_hal_timebase_TIM.c ****   * RIGHTS ARE DISCLAIMED TO THE FULLEST EXTENT PERMITTED BY LAW. IN NO EVENT 
  38:Src/stm32f7xx_hal_timebase_TIM.c ****   * SHALL STMICROELECTRONICS OR CONTRIBUTORS BE LIABLE FOR ANY DIRECT, INDIRECT,
  39:Src/stm32f7xx_hal_timebase_TIM.c ****   * INCIDENTAL, SPECIAL, EXEMPLARY, OR CONSEQUENTIAL DAMAGES (INCLUDING, BUT NOT
  40:Src/stm32f7xx_hal_timebase_TIM.c ****   * LIMITED TO, PROCUREMENT OF SUBSTITUTE GOODS OR SERVICES; LOSS OF USE, DATA, 
  41:Src/stm32f7xx_hal_timebase_TIM.c ****   * OR PROFITS; OR BUSINESS INTERRUPTION) HOWEVER CAUSED AND ON ANY THEORY OF 
  42:Src/stm32f7xx_hal_timebase_TIM.c ****   * LIABILITY, WHETHER IN CONTRACT, STRICT LIABILITY, OR TORT (INCLUDING 
  43:Src/stm32f7xx_hal_timebase_TIM.c ****   * NEGLIGENCE OR OTHERWISE) ARISING IN ANY WAY OUT OF THE USE OF THIS SOFTWARE,
  44:Src/stm32f7xx_hal_timebase_TIM.c ****   * EVEN IF ADVISED OF THE POSSIBILITY OF SUCH DAMAGE.
  45:Src/stm32f7xx_hal_timebase_TIM.c ****   *
  46:Src/stm32f7xx_hal_timebase_TIM.c ****   ******************************************************************************
  47:Src/stm32f7xx_hal_timebase_TIM.c ****   */
  48:Src/stm32f7xx_hal_timebase_TIM.c **** 
  49:Src/stm32f7xx_hal_timebase_TIM.c **** /* Includes ------------------------------------------------------------------*/
  50:Src/stm32f7xx_hal_timebase_TIM.c **** #include "stm32f7xx_hal.h"
  51:Src/stm32f7xx_hal_timebase_TIM.c **** #include "stm32f7xx_hal_tim.h"
  52:Src/stm32f7xx_hal_timebase_TIM.c **** /** @addtogroup STM32F7xx_HAL_Examples
  53:Src/stm32f7xx_hal_timebase_TIM.c ****   * @{
  54:Src/stm32f7xx_hal_timebase_TIM.c ****   */
  55:Src/stm32f7xx_hal_timebase_TIM.c **** 
  56:Src/stm32f7xx_hal_timebase_TIM.c **** /** @addtogroup HAL_TimeBase
  57:Src/stm32f7xx_hal_timebase_TIM.c ****   * @{
  58:Src/stm32f7xx_hal_timebase_TIM.c ****   */ 
  59:Src/stm32f7xx_hal_timebase_TIM.c **** 
  60:Src/stm32f7xx_hal_timebase_TIM.c **** /* Private typedef -----------------------------------------------------------*/
  61:Src/stm32f7xx_hal_timebase_TIM.c **** /* Private define ------------------------------------------------------------*/
  62:Src/stm32f7xx_hal_timebase_TIM.c **** /* Private macro -------------------------------------------------------------*/
  63:Src/stm32f7xx_hal_timebase_TIM.c **** /* Private variables ---------------------------------------------------------*/
  64:Src/stm32f7xx_hal_timebase_TIM.c **** TIM_HandleTypeDef        htim1; 
  65:Src/stm32f7xx_hal_timebase_TIM.c **** uint32_t                 uwIncrementState = 0;
  66:Src/stm32f7xx_hal_timebase_TIM.c **** /* Private function prototypes -----------------------------------------------*/
  67:Src/stm32f7xx_hal_timebase_TIM.c **** /* Private functions ---------------------------------------------------------*/
  68:Src/stm32f7xx_hal_timebase_TIM.c **** 
  69:Src/stm32f7xx_hal_timebase_TIM.c **** /**
  70:Src/stm32f7xx_hal_timebase_TIM.c ****   * @brief  This function configures the TIM1 as a time base source. 
  71:Src/stm32f7xx_hal_timebase_TIM.c ****   *         The time source is configured  to have 1ms time base with a dedicated 
  72:Src/stm32f7xx_hal_timebase_TIM.c ****   *         Tick interrupt priority. 
  73:Src/stm32f7xx_hal_timebase_TIM.c ****   * @note   This function is called  automatically at the beginning of program after
  74:Src/stm32f7xx_hal_timebase_TIM.c ****   *         reset by HAL_Init() or at any time when clock is configured, by HAL_RCC_ClockConfig(). 
  75:Src/stm32f7xx_hal_timebase_TIM.c ****   * @param  TickPriority: Tick interrupt priorty.
  76:Src/stm32f7xx_hal_timebase_TIM.c ****   * @retval HAL status
  77:Src/stm32f7xx_hal_timebase_TIM.c ****   */
  78:Src/stm32f7xx_hal_timebase_TIM.c **** HAL_StatusTypeDef HAL_InitTick(uint32_t TickPriority)
  79:Src/stm32f7xx_hal_timebase_TIM.c **** {
  28              		.loc 1 79 0
  29              		.cfi_startproc
  30              		@ args = 0, pretend = 0, frame = 32
  31              		@ frame_needed = 0, uses_anonymous_args = 0
  32              	.LVL0:
  33 0000 00B5     		push	{lr}
  34              	.LCFI0:
  35              		.cfi_def_cfa_offset 4
  36              		.cfi_offset 14, -4
ARM GAS  C:\Users\Student\AppData\Local\Temp\cczwuzOW.s 			page 3


  37 0002 89B0     		sub	sp, sp, #36
  38              	.LCFI1:
  39              		.cfi_def_cfa_offset 40
  40              	.LVL1:
  80:Src/stm32f7xx_hal_timebase_TIM.c ****   RCC_ClkInitTypeDef    clkconfig;
  81:Src/stm32f7xx_hal_timebase_TIM.c ****   uint32_t              uwTimclock = 0;
  82:Src/stm32f7xx_hal_timebase_TIM.c ****   uint32_t              uwPrescalerValue = 0;
  83:Src/stm32f7xx_hal_timebase_TIM.c ****   uint32_t              pFLatency;
  84:Src/stm32f7xx_hal_timebase_TIM.c ****   
  85:Src/stm32f7xx_hal_timebase_TIM.c ****   /*Configure the TIM1 IRQ priority */
  86:Src/stm32f7xx_hal_timebase_TIM.c ****   HAL_NVIC_SetPriority(TIM1_UP_TIM10_IRQn, TickPriority ,0); 
  41              		.loc 1 86 0
  42 0004 0022     		movs	r2, #0
  43 0006 0146     		mov	r1, r0
  44 0008 1920     		movs	r0, #25
  45              	.LVL2:
  46 000a FFF7FEFF 		bl	HAL_NVIC_SetPriority
  47              	.LVL3:
  87:Src/stm32f7xx_hal_timebase_TIM.c ****   
  88:Src/stm32f7xx_hal_timebase_TIM.c ****   /* Enable the TIM1 global Interrupt */
  89:Src/stm32f7xx_hal_timebase_TIM.c ****   HAL_NVIC_EnableIRQ(TIM1_UP_TIM10_IRQn); 
  48              		.loc 1 89 0
  49 000e 1920     		movs	r0, #25
  50 0010 FFF7FEFF 		bl	HAL_NVIC_EnableIRQ
  51              	.LVL4:
  52              	.LBB2:
  90:Src/stm32f7xx_hal_timebase_TIM.c ****   
  91:Src/stm32f7xx_hal_timebase_TIM.c ****   /* Enable TIM1 clock */
  92:Src/stm32f7xx_hal_timebase_TIM.c ****   __HAL_RCC_TIM1_CLK_ENABLE();
  53              		.loc 1 92 0
  54 0014 144B     		ldr	r3, .L6
  55 0016 5A6C     		ldr	r2, [r3, #68]
  56 0018 42F00102 		orr	r2, r2, #1
  57 001c 5A64     		str	r2, [r3, #68]
  58 001e 5B6C     		ldr	r3, [r3, #68]
  59 0020 03F00103 		and	r3, r3, #1
  60 0024 0193     		str	r3, [sp, #4]
  61 0026 019B     		ldr	r3, [sp, #4]
  62              	.LBE2:
  93:Src/stm32f7xx_hal_timebase_TIM.c ****   
  94:Src/stm32f7xx_hal_timebase_TIM.c ****   /* Get clock configuration */
  95:Src/stm32f7xx_hal_timebase_TIM.c ****   HAL_RCC_GetClockConfig(&clkconfig, &pFLatency);
  63              		.loc 1 95 0
  64 0028 02A9     		add	r1, sp, #8
  65 002a 03A8     		add	r0, sp, #12
  66 002c FFF7FEFF 		bl	HAL_RCC_GetClockConfig
  67              	.LVL5:
  96:Src/stm32f7xx_hal_timebase_TIM.c ****   
  97:Src/stm32f7xx_hal_timebase_TIM.c ****   /* Compute TIM1 clock */
  98:Src/stm32f7xx_hal_timebase_TIM.c ****   uwTimclock = HAL_RCC_GetPCLK2Freq();
  68              		.loc 1 98 0
  69 0030 FFF7FEFF 		bl	HAL_RCC_GetPCLK2Freq
  70              	.LVL6:
  99:Src/stm32f7xx_hal_timebase_TIM.c ****    
 100:Src/stm32f7xx_hal_timebase_TIM.c ****   /* Compute the prescaler value to have TIM1 counter clock equal to 1MHz */
 101:Src/stm32f7xx_hal_timebase_TIM.c ****   uwPrescalerValue = (uint32_t) ((uwTimclock / 1000000) - 1);
  71              		.loc 1 101 0
ARM GAS  C:\Users\Student\AppData\Local\Temp\cczwuzOW.s 			page 4


  72 0034 0D4B     		ldr	r3, .L6+4
  73 0036 A3FB0023 		umull	r2, r3, r3, r0
  74 003a 9B0C     		lsrs	r3, r3, #18
  75 003c 013B     		subs	r3, r3, #1
  76              	.LVL7:
 102:Src/stm32f7xx_hal_timebase_TIM.c ****   
 103:Src/stm32f7xx_hal_timebase_TIM.c ****   /* Initialize TIM1 */
 104:Src/stm32f7xx_hal_timebase_TIM.c ****   htim1.Instance = TIM1;
  77              		.loc 1 104 0
  78 003e 0C48     		ldr	r0, .L6+8
  79              	.LVL8:
  80 0040 0C4A     		ldr	r2, .L6+12
  81 0042 0260     		str	r2, [r0]
 105:Src/stm32f7xx_hal_timebase_TIM.c ****   
 106:Src/stm32f7xx_hal_timebase_TIM.c ****   /* Initialize TIMx peripheral as follow:
 107:Src/stm32f7xx_hal_timebase_TIM.c ****   + Period = [(TIM1CLK/1000) - 1]. to have a (1/1000) s time base.
 108:Src/stm32f7xx_hal_timebase_TIM.c ****   + Prescaler = (uwTimclock/1000000 - 1) to have a 1MHz counter clock.
 109:Src/stm32f7xx_hal_timebase_TIM.c ****   + ClockDivision = 0
 110:Src/stm32f7xx_hal_timebase_TIM.c ****   + Counter direction = Up
 111:Src/stm32f7xx_hal_timebase_TIM.c ****   */
 112:Src/stm32f7xx_hal_timebase_TIM.c ****   htim1.Init.Period = (1000000 / 1000) - 1;
  82              		.loc 1 112 0
  83 0044 40F2E732 		movw	r2, #999
  84 0048 C260     		str	r2, [r0, #12]
 113:Src/stm32f7xx_hal_timebase_TIM.c ****   htim1.Init.Prescaler = uwPrescalerValue;
  85              		.loc 1 113 0
  86 004a 4360     		str	r3, [r0, #4]
 114:Src/stm32f7xx_hal_timebase_TIM.c ****   htim1.Init.ClockDivision = 0;
  87              		.loc 1 114 0
  88 004c 0023     		movs	r3, #0
  89              	.LVL9:
  90 004e 0361     		str	r3, [r0, #16]
 115:Src/stm32f7xx_hal_timebase_TIM.c ****   htim1.Init.CounterMode = TIM_COUNTERMODE_UP;
  91              		.loc 1 115 0
  92 0050 8360     		str	r3, [r0, #8]
 116:Src/stm32f7xx_hal_timebase_TIM.c ****   if(HAL_TIM_Base_Init(&htim1) == HAL_OK)
  93              		.loc 1 116 0
  94 0052 FFF7FEFF 		bl	HAL_TIM_Base_Init
  95              	.LVL10:
  96 0056 18B1     		cbz	r0, .L5
 117:Src/stm32f7xx_hal_timebase_TIM.c ****   {
 118:Src/stm32f7xx_hal_timebase_TIM.c ****     /* Start the TIM time Base generation in interrupt mode */
 119:Src/stm32f7xx_hal_timebase_TIM.c ****     return HAL_TIM_Base_Start_IT(&htim1);
 120:Src/stm32f7xx_hal_timebase_TIM.c ****   }
 121:Src/stm32f7xx_hal_timebase_TIM.c ****   
 122:Src/stm32f7xx_hal_timebase_TIM.c ****   /* Return function status */
 123:Src/stm32f7xx_hal_timebase_TIM.c ****   return HAL_ERROR;
  97              		.loc 1 123 0
  98 0058 0120     		movs	r0, #1
  99              	.L2:
 124:Src/stm32f7xx_hal_timebase_TIM.c **** }
 100              		.loc 1 124 0
 101 005a 09B0     		add	sp, sp, #36
 102              	.LCFI2:
 103              		.cfi_remember_state
 104              		.cfi_def_cfa_offset 4
 105              		@ sp needed
ARM GAS  C:\Users\Student\AppData\Local\Temp\cczwuzOW.s 			page 5


 106 005c 5DF804FB 		ldr	pc, [sp], #4
 107              	.L5:
 108              	.LCFI3:
 109              		.cfi_restore_state
 119:Src/stm32f7xx_hal_timebase_TIM.c ****   }
 110              		.loc 1 119 0
 111 0060 0348     		ldr	r0, .L6+8
 112 0062 FFF7FEFF 		bl	HAL_TIM_Base_Start_IT
 113              	.LVL11:
 114 0066 F8E7     		b	.L2
 115              	.L7:
 116              		.align	2
 117              	.L6:
 118 0068 00380240 		.word	1073887232
 119 006c 83DE1B43 		.word	1125899907
 120 0070 00000000 		.word	htim1
 121 0074 00000140 		.word	1073807360
 122              		.cfi_endproc
 123              	.LFE136:
 125              		.section	.text.HAL_SuspendTick,"ax",%progbits
 126              		.align	1
 127              		.global	HAL_SuspendTick
 128              		.syntax unified
 129              		.thumb
 130              		.thumb_func
 131              		.fpu fpv5-sp-d16
 133              	HAL_SuspendTick:
 134              	.LFB137:
 125:Src/stm32f7xx_hal_timebase_TIM.c **** 
 126:Src/stm32f7xx_hal_timebase_TIM.c **** /**
 127:Src/stm32f7xx_hal_timebase_TIM.c ****   * @brief  Suspend Tick increment.
 128:Src/stm32f7xx_hal_timebase_TIM.c ****   * @note   Disable the tick increment by disabling TIM1 update interrupt.
 129:Src/stm32f7xx_hal_timebase_TIM.c ****   * @param  None
 130:Src/stm32f7xx_hal_timebase_TIM.c ****   * @retval None
 131:Src/stm32f7xx_hal_timebase_TIM.c ****   */
 132:Src/stm32f7xx_hal_timebase_TIM.c **** void HAL_SuspendTick(void)
 133:Src/stm32f7xx_hal_timebase_TIM.c **** {
 135              		.loc 1 133 0
 136              		.cfi_startproc
 137              		@ args = 0, pretend = 0, frame = 0
 138              		@ frame_needed = 0, uses_anonymous_args = 0
 139              		@ link register save eliminated.
 134:Src/stm32f7xx_hal_timebase_TIM.c ****   /* Disable TIM1 update Interrupt */
 135:Src/stm32f7xx_hal_timebase_TIM.c ****   __HAL_TIM_DISABLE_IT(&htim1, TIM_IT_UPDATE);                                                  
 140              		.loc 1 135 0
 141 0000 034B     		ldr	r3, .L9
 142 0002 1A68     		ldr	r2, [r3]
 143 0004 D368     		ldr	r3, [r2, #12]
 144 0006 23F00103 		bic	r3, r3, #1
 145 000a D360     		str	r3, [r2, #12]
 146 000c 7047     		bx	lr
 147              	.L10:
 148 000e 00BF     		.align	2
 149              	.L9:
 150 0010 00000000 		.word	htim1
 151              		.cfi_endproc
 152              	.LFE137:
ARM GAS  C:\Users\Student\AppData\Local\Temp\cczwuzOW.s 			page 6


 154              		.section	.text.HAL_ResumeTick,"ax",%progbits
 155              		.align	1
 156              		.global	HAL_ResumeTick
 157              		.syntax unified
 158              		.thumb
 159              		.thumb_func
 160              		.fpu fpv5-sp-d16
 162              	HAL_ResumeTick:
 163              	.LFB138:
 136:Src/stm32f7xx_hal_timebase_TIM.c **** }
 137:Src/stm32f7xx_hal_timebase_TIM.c **** 
 138:Src/stm32f7xx_hal_timebase_TIM.c **** /**
 139:Src/stm32f7xx_hal_timebase_TIM.c ****   * @brief  Resume Tick increment.
 140:Src/stm32f7xx_hal_timebase_TIM.c ****   * @note   Enable the tick increment by Enabling TIM1 update interrupt.
 141:Src/stm32f7xx_hal_timebase_TIM.c ****   * @param  None
 142:Src/stm32f7xx_hal_timebase_TIM.c ****   * @retval None
 143:Src/stm32f7xx_hal_timebase_TIM.c ****   */
 144:Src/stm32f7xx_hal_timebase_TIM.c **** void HAL_ResumeTick(void)
 145:Src/stm32f7xx_hal_timebase_TIM.c **** {
 164              		.loc 1 145 0
 165              		.cfi_startproc
 166              		@ args = 0, pretend = 0, frame = 0
 167              		@ frame_needed = 0, uses_anonymous_args = 0
 168              		@ link register save eliminated.
 146:Src/stm32f7xx_hal_timebase_TIM.c ****   /* Enable TIM1 Update interrupt */
 147:Src/stm32f7xx_hal_timebase_TIM.c ****   __HAL_TIM_ENABLE_IT(&htim1, TIM_IT_UPDATE);
 169              		.loc 1 147 0
 170 0000 034B     		ldr	r3, .L12
 171 0002 1A68     		ldr	r2, [r3]
 172 0004 D368     		ldr	r3, [r2, #12]
 173 0006 43F00103 		orr	r3, r3, #1
 174 000a D360     		str	r3, [r2, #12]
 175 000c 7047     		bx	lr
 176              	.L13:
 177 000e 00BF     		.align	2
 178              	.L12:
 179 0010 00000000 		.word	htim1
 180              		.cfi_endproc
 181              	.LFE138:
 183              		.global	uwIncrementState
 184              		.comm	htim1,64,4
 185              		.section	.bss.uwIncrementState,"aw",%nobits
 186              		.align	2
 189              	uwIncrementState:
 190 0000 00000000 		.space	4
 191              		.text
 192              	.Letext0:
 193              		.file 2 "c:\\gcc_toolchain\\6_2017-q1-update\\arm-none-eabi\\include\\machine\\_default_types.h"
 194              		.file 3 "c:\\gcc_toolchain\\6_2017-q1-update\\arm-none-eabi\\include\\sys\\_stdint.h"
 195              		.file 4 "Drivers/CMSIS/Include/core_cm7.h"
 196              		.file 5 "Drivers/CMSIS/Device/ST/STM32F7xx/Include/system_stm32f7xx.h"
 197              		.file 6 "Drivers/CMSIS/Device/ST/STM32F7xx/Include/stm32f746xx.h"
 198              		.file 7 "c:\\gcc_toolchain\\6_2017-q1-update\\arm-none-eabi\\include\\sys\\lock.h"
 199              		.file 8 "c:\\gcc_toolchain\\6_2017-q1-update\\arm-none-eabi\\include\\sys\\_types.h"
 200              		.file 9 "c:\\gcc_toolchain\\6_2017-q1-update\\lib\\gcc\\arm-none-eabi\\6.3.1\\include\\stddef.h"
 201              		.file 10 "c:\\gcc_toolchain\\6_2017-q1-update\\arm-none-eabi\\include\\sys\\reent.h"
 202              		.file 11 "Drivers/STM32F7xx_HAL_Driver/Inc/stm32f7xx_hal_def.h"
ARM GAS  C:\Users\Student\AppData\Local\Temp\cczwuzOW.s 			page 7


 203              		.file 12 "Drivers/STM32F7xx_HAL_Driver/Inc/stm32f7xx_hal_rcc.h"
 204              		.file 13 "Drivers/STM32F7xx_HAL_Driver/Inc/stm32f7xx_hal_dma.h"
 205              		.file 14 "Drivers/STM32F7xx_HAL_Driver/Inc/stm32f7xx_hal_tim.h"
 206              		.file 15 "Drivers/STM32F7xx_HAL_Driver/Inc/stm32f7xx_hal_cortex.h"
ARM GAS  C:\Users\Student\AppData\Local\Temp\cczwuzOW.s 			page 8


DEFINED SYMBOLS
                            *ABS*:00000000 stm32f7xx_hal_timebase_TIM.c
C:\Users\Student\AppData\Local\Temp\cczwuzOW.s:18     .text.HAL_InitTick:00000000 $t
C:\Users\Student\AppData\Local\Temp\cczwuzOW.s:25     .text.HAL_InitTick:00000000 HAL_InitTick
C:\Users\Student\AppData\Local\Temp\cczwuzOW.s:118    .text.HAL_InitTick:00000068 $d
                            *COM*:00000040 htim1
C:\Users\Student\AppData\Local\Temp\cczwuzOW.s:126    .text.HAL_SuspendTick:00000000 $t
C:\Users\Student\AppData\Local\Temp\cczwuzOW.s:133    .text.HAL_SuspendTick:00000000 HAL_SuspendTick
C:\Users\Student\AppData\Local\Temp\cczwuzOW.s:150    .text.HAL_SuspendTick:00000010 $d
C:\Users\Student\AppData\Local\Temp\cczwuzOW.s:155    .text.HAL_ResumeTick:00000000 $t
C:\Users\Student\AppData\Local\Temp\cczwuzOW.s:162    .text.HAL_ResumeTick:00000000 HAL_ResumeTick
C:\Users\Student\AppData\Local\Temp\cczwuzOW.s:179    .text.HAL_ResumeTick:00000010 $d
C:\Users\Student\AppData\Local\Temp\cczwuzOW.s:189    .bss.uwIncrementState:00000000 uwIncrementState
C:\Users\Student\AppData\Local\Temp\cczwuzOW.s:186    .bss.uwIncrementState:00000000 $d
                     .debug_frame:00000010 $d

UNDEFINED SYMBOLS
HAL_NVIC_SetPriority
HAL_NVIC_EnableIRQ
HAL_RCC_GetClockConfig
HAL_RCC_GetPCLK2Freq
HAL_TIM_Base_Init
HAL_TIM_Base_Start_IT
