ARM GAS  C:\Users\Student\AppData\Local\Temp\ccEx2tIs.s 			page 1


   1              		.cpu cortex-m7
   2              		.eabi_attribute 27, 1
   3              		.eabi_attribute 28, 1
   4              		.eabi_attribute 20, 1
   5              		.eabi_attribute 21, 1
   6              		.eabi_attribute 23, 3
   7              		.eabi_attribute 24, 1
   8              		.eabi_attribute 25, 1
   9              		.eabi_attribute 26, 1
  10              		.eabi_attribute 30, 1
  11              		.eabi_attribute 34, 1
  12              		.eabi_attribute 18, 4
  13              		.file	"stm32f7xx_hal_msp.c"
  14              		.text
  15              	.Ltext0:
  16              		.cfi_sections	.debug_frame
  17              		.section	.text.HAL_MspInit,"ax",%progbits
  18              		.align	1
  19              		.global	HAL_MspInit
  20              		.syntax unified
  21              		.thumb
  22              		.thumb_func
  23              		.fpu fpv5-sp-d16
  25              	HAL_MspInit:
  26              	.LFB136:
  27              		.file 1 "Src/stm32f7xx_hal_msp.c"
   1:Src/stm32f7xx_hal_msp.c **** /**
   2:Src/stm32f7xx_hal_msp.c ****   ******************************************************************************
   3:Src/stm32f7xx_hal_msp.c ****   * File Name          : stm32f7xx_hal_msp.c
   4:Src/stm32f7xx_hal_msp.c ****   * Description        : This file provides code for the MSP Initialization 
   5:Src/stm32f7xx_hal_msp.c ****   *                      and de-Initialization codes.
   6:Src/stm32f7xx_hal_msp.c ****   ******************************************************************************
   7:Src/stm32f7xx_hal_msp.c ****   * This notice applies to any and all portions of this file
   8:Src/stm32f7xx_hal_msp.c ****   * that are not between comment pairs USER CODE BEGIN and
   9:Src/stm32f7xx_hal_msp.c ****   * USER CODE END. Other portions of this file, whether 
  10:Src/stm32f7xx_hal_msp.c ****   * inserted by the user or by software development tools
  11:Src/stm32f7xx_hal_msp.c ****   * are owned by their respective copyright owners.
  12:Src/stm32f7xx_hal_msp.c ****   *
  13:Src/stm32f7xx_hal_msp.c ****   * Copyright (c) 2018 STMicroelectronics International N.V. 
  14:Src/stm32f7xx_hal_msp.c ****   * All rights reserved.
  15:Src/stm32f7xx_hal_msp.c ****   *
  16:Src/stm32f7xx_hal_msp.c ****   * Redistribution and use in source and binary forms, with or without 
  17:Src/stm32f7xx_hal_msp.c ****   * modification, are permitted, provided that the following conditions are met:
  18:Src/stm32f7xx_hal_msp.c ****   *
  19:Src/stm32f7xx_hal_msp.c ****   * 1. Redistribution of source code must retain the above copyright notice, 
  20:Src/stm32f7xx_hal_msp.c ****   *    this list of conditions and the following disclaimer.
  21:Src/stm32f7xx_hal_msp.c ****   * 2. Redistributions in binary form must reproduce the above copyright notice,
  22:Src/stm32f7xx_hal_msp.c ****   *    this list of conditions and the following disclaimer in the documentation
  23:Src/stm32f7xx_hal_msp.c ****   *    and/or other materials provided with the distribution.
  24:Src/stm32f7xx_hal_msp.c ****   * 3. Neither the name of STMicroelectronics nor the names of other 
  25:Src/stm32f7xx_hal_msp.c ****   *    contributors to this software may be used to endorse or promote products 
  26:Src/stm32f7xx_hal_msp.c ****   *    derived from this software without specific written permission.
  27:Src/stm32f7xx_hal_msp.c ****   * 4. This software, including modifications and/or derivative works of this 
  28:Src/stm32f7xx_hal_msp.c ****   *    software, must execute solely and exclusively on microcontroller or
  29:Src/stm32f7xx_hal_msp.c ****   *    microprocessor devices manufactured by or for STMicroelectronics.
  30:Src/stm32f7xx_hal_msp.c ****   * 5. Redistribution and use of this software other than as permitted under 
  31:Src/stm32f7xx_hal_msp.c ****   *    this license is void and will automatically terminate your rights under 
ARM GAS  C:\Users\Student\AppData\Local\Temp\ccEx2tIs.s 			page 2


  32:Src/stm32f7xx_hal_msp.c ****   *    this license. 
  33:Src/stm32f7xx_hal_msp.c ****   *
  34:Src/stm32f7xx_hal_msp.c ****   * THIS SOFTWARE IS PROVIDED BY STMICROELECTRONICS AND CONTRIBUTORS "AS IS" 
  35:Src/stm32f7xx_hal_msp.c ****   * AND ANY EXPRESS, IMPLIED OR STATUTORY WARRANTIES, INCLUDING, BUT NOT 
  36:Src/stm32f7xx_hal_msp.c ****   * LIMITED TO, THE IMPLIED WARRANTIES OF MERCHANTABILITY, FITNESS FOR A 
  37:Src/stm32f7xx_hal_msp.c ****   * PARTICULAR PURPOSE AND NON-INFRINGEMENT OF THIRD PARTY INTELLECTUAL PROPERTY
  38:Src/stm32f7xx_hal_msp.c ****   * RIGHTS ARE DISCLAIMED TO THE FULLEST EXTENT PERMITTED BY LAW. IN NO EVENT 
  39:Src/stm32f7xx_hal_msp.c ****   * SHALL STMICROELECTRONICS OR CONTRIBUTORS BE LIABLE FOR ANY DIRECT, INDIRECT,
  40:Src/stm32f7xx_hal_msp.c ****   * INCIDENTAL, SPECIAL, EXEMPLARY, OR CONSEQUENTIAL DAMAGES (INCLUDING, BUT NOT
  41:Src/stm32f7xx_hal_msp.c ****   * LIMITED TO, PROCUREMENT OF SUBSTITUTE GOODS OR SERVICES; LOSS OF USE, DATA, 
  42:Src/stm32f7xx_hal_msp.c ****   * OR PROFITS; OR BUSINESS INTERRUPTION) HOWEVER CAUSED AND ON ANY THEORY OF 
  43:Src/stm32f7xx_hal_msp.c ****   * LIABILITY, WHETHER IN CONTRACT, STRICT LIABILITY, OR TORT (INCLUDING 
  44:Src/stm32f7xx_hal_msp.c ****   * NEGLIGENCE OR OTHERWISE) ARISING IN ANY WAY OUT OF THE USE OF THIS SOFTWARE,
  45:Src/stm32f7xx_hal_msp.c ****   * EVEN IF ADVISED OF THE POSSIBILITY OF SUCH DAMAGE.
  46:Src/stm32f7xx_hal_msp.c ****   *
  47:Src/stm32f7xx_hal_msp.c ****   ******************************************************************************
  48:Src/stm32f7xx_hal_msp.c ****   */
  49:Src/stm32f7xx_hal_msp.c **** /* Includes ------------------------------------------------------------------*/
  50:Src/stm32f7xx_hal_msp.c **** #include "stm32f7xx_hal.h"
  51:Src/stm32f7xx_hal_msp.c **** extern void _Error_Handler(char *, int);
  52:Src/stm32f7xx_hal_msp.c **** /* USER CODE BEGIN 0 */
  53:Src/stm32f7xx_hal_msp.c **** 
  54:Src/stm32f7xx_hal_msp.c **** /* USER CODE END 0 */
  55:Src/stm32f7xx_hal_msp.c **** /**
  56:Src/stm32f7xx_hal_msp.c ****   * Initializes the Global MSP.
  57:Src/stm32f7xx_hal_msp.c ****   */
  58:Src/stm32f7xx_hal_msp.c **** void HAL_MspInit(void)
  59:Src/stm32f7xx_hal_msp.c **** {
  28              		.loc 1 59 0
  29              		.cfi_startproc
  30              		@ args = 0, pretend = 0, frame = 8
  31              		@ frame_needed = 0, uses_anonymous_args = 0
  32 0000 00B5     		push	{lr}
  33              	.LCFI0:
  34              		.cfi_def_cfa_offset 4
  35              		.cfi_offset 14, -4
  36 0002 83B0     		sub	sp, sp, #12
  37              	.LCFI1:
  38              		.cfi_def_cfa_offset 16
  39              	.LBB2:
  60:Src/stm32f7xx_hal_msp.c ****   /* USER CODE BEGIN MspInit 0 */
  61:Src/stm32f7xx_hal_msp.c **** 
  62:Src/stm32f7xx_hal_msp.c ****   /* USER CODE END MspInit 0 */
  63:Src/stm32f7xx_hal_msp.c **** 
  64:Src/stm32f7xx_hal_msp.c ****   __HAL_RCC_PWR_CLK_ENABLE();
  40              		.loc 1 64 0
  41 0004 214B     		ldr	r3, .L3
  42 0006 1A6C     		ldr	r2, [r3, #64]
  43 0008 42F08052 		orr	r2, r2, #268435456
  44 000c 1A64     		str	r2, [r3, #64]
  45 000e 1A6C     		ldr	r2, [r3, #64]
  46 0010 02F08052 		and	r2, r2, #268435456
  47 0014 0092     		str	r2, [sp]
  48 0016 009A     		ldr	r2, [sp]
  49              	.LBE2:
  50              	.LBB3:
  65:Src/stm32f7xx_hal_msp.c ****   __HAL_RCC_SYSCFG_CLK_ENABLE();
ARM GAS  C:\Users\Student\AppData\Local\Temp\ccEx2tIs.s 			page 3


  51              		.loc 1 65 0
  52 0018 5A6C     		ldr	r2, [r3, #68]
  53 001a 42F48042 		orr	r2, r2, #16384
  54 001e 5A64     		str	r2, [r3, #68]
  55 0020 5B6C     		ldr	r3, [r3, #68]
  56 0022 03F48043 		and	r3, r3, #16384
  57 0026 0193     		str	r3, [sp, #4]
  58 0028 019B     		ldr	r3, [sp, #4]
  59              	.LBE3:
  66:Src/stm32f7xx_hal_msp.c **** 
  67:Src/stm32f7xx_hal_msp.c ****   HAL_NVIC_SetPriorityGrouping(NVIC_PRIORITYGROUP_4);
  60              		.loc 1 67 0
  61 002a 0320     		movs	r0, #3
  62 002c FFF7FEFF 		bl	HAL_NVIC_SetPriorityGrouping
  63              	.LVL0:
  68:Src/stm32f7xx_hal_msp.c **** 
  69:Src/stm32f7xx_hal_msp.c ****   /* System interrupt init*/
  70:Src/stm32f7xx_hal_msp.c ****   /* MemoryManagement_IRQn interrupt configuration */
  71:Src/stm32f7xx_hal_msp.c ****   HAL_NVIC_SetPriority(MemoryManagement_IRQn, 0, 0);
  64              		.loc 1 71 0
  65 0030 0022     		movs	r2, #0
  66 0032 1146     		mov	r1, r2
  67 0034 6FF00B00 		mvn	r0, #11
  68 0038 FFF7FEFF 		bl	HAL_NVIC_SetPriority
  69              	.LVL1:
  72:Src/stm32f7xx_hal_msp.c ****   /* BusFault_IRQn interrupt configuration */
  73:Src/stm32f7xx_hal_msp.c ****   HAL_NVIC_SetPriority(BusFault_IRQn, 0, 0);
  70              		.loc 1 73 0
  71 003c 0022     		movs	r2, #0
  72 003e 1146     		mov	r1, r2
  73 0040 6FF00A00 		mvn	r0, #10
  74 0044 FFF7FEFF 		bl	HAL_NVIC_SetPriority
  75              	.LVL2:
  74:Src/stm32f7xx_hal_msp.c ****   /* UsageFault_IRQn interrupt configuration */
  75:Src/stm32f7xx_hal_msp.c ****   HAL_NVIC_SetPriority(UsageFault_IRQn, 0, 0);
  76              		.loc 1 75 0
  77 0048 0022     		movs	r2, #0
  78 004a 1146     		mov	r1, r2
  79 004c 6FF00900 		mvn	r0, #9
  80 0050 FFF7FEFF 		bl	HAL_NVIC_SetPriority
  81              	.LVL3:
  76:Src/stm32f7xx_hal_msp.c ****   /* SVCall_IRQn interrupt configuration */
  77:Src/stm32f7xx_hal_msp.c ****   HAL_NVIC_SetPriority(SVCall_IRQn, 0, 0);
  82              		.loc 1 77 0
  83 0054 0022     		movs	r2, #0
  84 0056 1146     		mov	r1, r2
  85 0058 6FF00400 		mvn	r0, #4
  86 005c FFF7FEFF 		bl	HAL_NVIC_SetPriority
  87              	.LVL4:
  78:Src/stm32f7xx_hal_msp.c ****   /* DebugMonitor_IRQn interrupt configuration */
  79:Src/stm32f7xx_hal_msp.c ****   HAL_NVIC_SetPriority(DebugMonitor_IRQn, 0, 0);
  88              		.loc 1 79 0
  89 0060 0022     		movs	r2, #0
  90 0062 1146     		mov	r1, r2
  91 0064 6FF00300 		mvn	r0, #3
  92 0068 FFF7FEFF 		bl	HAL_NVIC_SetPriority
  93              	.LVL5:
ARM GAS  C:\Users\Student\AppData\Local\Temp\ccEx2tIs.s 			page 4


  80:Src/stm32f7xx_hal_msp.c ****   /* PendSV_IRQn interrupt configuration */
  81:Src/stm32f7xx_hal_msp.c ****   HAL_NVIC_SetPriority(PendSV_IRQn, 15, 0);
  94              		.loc 1 81 0
  95 006c 0022     		movs	r2, #0
  96 006e 0F21     		movs	r1, #15
  97 0070 6FF00100 		mvn	r0, #1
  98 0074 FFF7FEFF 		bl	HAL_NVIC_SetPriority
  99              	.LVL6:
  82:Src/stm32f7xx_hal_msp.c ****   /* SysTick_IRQn interrupt configuration */
  83:Src/stm32f7xx_hal_msp.c ****   HAL_NVIC_SetPriority(SysTick_IRQn, 15, 0);
 100              		.loc 1 83 0
 101 0078 0022     		movs	r2, #0
 102 007a 0F21     		movs	r1, #15
 103 007c 4FF0FF30 		mov	r0, #-1
 104 0080 FFF7FEFF 		bl	HAL_NVIC_SetPriority
 105              	.LVL7:
  84:Src/stm32f7xx_hal_msp.c **** 
  85:Src/stm32f7xx_hal_msp.c ****   /* USER CODE BEGIN MspInit 1 */
  86:Src/stm32f7xx_hal_msp.c **** 
  87:Src/stm32f7xx_hal_msp.c ****   /* USER CODE END MspInit 1 */
  88:Src/stm32f7xx_hal_msp.c **** }
 106              		.loc 1 88 0
 107 0084 03B0     		add	sp, sp, #12
 108              	.LCFI2:
 109              		.cfi_def_cfa_offset 4
 110              		@ sp needed
 111 0086 5DF804FB 		ldr	pc, [sp], #4
 112              	.L4:
 113 008a 00BF     		.align	2
 114              	.L3:
 115 008c 00380240 		.word	1073887232
 116              		.cfi_endproc
 117              	.LFE136:
 119              		.section	.text.HAL_RTC_MspInit,"ax",%progbits
 120              		.align	1
 121              		.global	HAL_RTC_MspInit
 122              		.syntax unified
 123              		.thumb
 124              		.thumb_func
 125              		.fpu fpv5-sp-d16
 127              	HAL_RTC_MspInit:
 128              	.LFB137:
  89:Src/stm32f7xx_hal_msp.c **** 
  90:Src/stm32f7xx_hal_msp.c **** void HAL_RTC_MspInit(RTC_HandleTypeDef* hrtc)
  91:Src/stm32f7xx_hal_msp.c **** {
 129              		.loc 1 91 0
 130              		.cfi_startproc
 131              		@ args = 0, pretend = 0, frame = 0
 132              		@ frame_needed = 0, uses_anonymous_args = 0
 133              		@ link register save eliminated.
 134              	.LVL8:
  92:Src/stm32f7xx_hal_msp.c **** 
  93:Src/stm32f7xx_hal_msp.c ****   if(hrtc->Instance==RTC)
 135              		.loc 1 93 0
 136 0000 0268     		ldr	r2, [r0]
 137 0002 054B     		ldr	r3, .L8
 138 0004 9A42     		cmp	r2, r3
ARM GAS  C:\Users\Student\AppData\Local\Temp\ccEx2tIs.s 			page 5


 139 0006 00D0     		beq	.L7
 140              	.L5:
 141 0008 7047     		bx	lr
 142              	.L7:
  94:Src/stm32f7xx_hal_msp.c ****   {
  95:Src/stm32f7xx_hal_msp.c ****   /* USER CODE BEGIN RTC_MspInit 0 */
  96:Src/stm32f7xx_hal_msp.c **** 
  97:Src/stm32f7xx_hal_msp.c ****   /* USER CODE END RTC_MspInit 0 */
  98:Src/stm32f7xx_hal_msp.c ****     /* Peripheral clock enable */
  99:Src/stm32f7xx_hal_msp.c ****     __HAL_RCC_RTC_ENABLE();
 143              		.loc 1 99 0
 144 000a 044A     		ldr	r2, .L8+4
 145 000c 136F     		ldr	r3, [r2, #112]
 146 000e 43F40043 		orr	r3, r3, #32768
 147 0012 1367     		str	r3, [r2, #112]
 100:Src/stm32f7xx_hal_msp.c ****   /* USER CODE BEGIN RTC_MspInit 1 */
 101:Src/stm32f7xx_hal_msp.c **** 
 102:Src/stm32f7xx_hal_msp.c ****   /* USER CODE END RTC_MspInit 1 */
 103:Src/stm32f7xx_hal_msp.c ****   }
 104:Src/stm32f7xx_hal_msp.c **** 
 105:Src/stm32f7xx_hal_msp.c **** }
 148              		.loc 1 105 0
 149 0014 F8E7     		b	.L5
 150              	.L9:
 151 0016 00BF     		.align	2
 152              	.L8:
 153 0018 00280040 		.word	1073752064
 154 001c 00380240 		.word	1073887232
 155              		.cfi_endproc
 156              	.LFE137:
 158              		.section	.text.HAL_RTC_MspDeInit,"ax",%progbits
 159              		.align	1
 160              		.global	HAL_RTC_MspDeInit
 161              		.syntax unified
 162              		.thumb
 163              		.thumb_func
 164              		.fpu fpv5-sp-d16
 166              	HAL_RTC_MspDeInit:
 167              	.LFB138:
 106:Src/stm32f7xx_hal_msp.c **** 
 107:Src/stm32f7xx_hal_msp.c **** void HAL_RTC_MspDeInit(RTC_HandleTypeDef* hrtc)
 108:Src/stm32f7xx_hal_msp.c **** {
 168              		.loc 1 108 0
 169              		.cfi_startproc
 170              		@ args = 0, pretend = 0, frame = 0
 171              		@ frame_needed = 0, uses_anonymous_args = 0
 172              		@ link register save eliminated.
 173              	.LVL9:
 109:Src/stm32f7xx_hal_msp.c **** 
 110:Src/stm32f7xx_hal_msp.c ****   if(hrtc->Instance==RTC)
 174              		.loc 1 110 0
 175 0000 0268     		ldr	r2, [r0]
 176 0002 054B     		ldr	r3, .L13
 177 0004 9A42     		cmp	r2, r3
 178 0006 00D0     		beq	.L12
 179              	.L10:
 180 0008 7047     		bx	lr
ARM GAS  C:\Users\Student\AppData\Local\Temp\ccEx2tIs.s 			page 6


 181              	.L12:
 111:Src/stm32f7xx_hal_msp.c ****   {
 112:Src/stm32f7xx_hal_msp.c ****   /* USER CODE BEGIN RTC_MspDeInit 0 */
 113:Src/stm32f7xx_hal_msp.c **** 
 114:Src/stm32f7xx_hal_msp.c ****   /* USER CODE END RTC_MspDeInit 0 */
 115:Src/stm32f7xx_hal_msp.c ****     /* Peripheral clock disable */
 116:Src/stm32f7xx_hal_msp.c ****     __HAL_RCC_RTC_DISABLE();
 182              		.loc 1 116 0
 183 000a 044A     		ldr	r2, .L13+4
 184 000c 136F     		ldr	r3, [r2, #112]
 185 000e 23F40043 		bic	r3, r3, #32768
 186 0012 1367     		str	r3, [r2, #112]
 117:Src/stm32f7xx_hal_msp.c ****   /* USER CODE BEGIN RTC_MspDeInit 1 */
 118:Src/stm32f7xx_hal_msp.c **** 
 119:Src/stm32f7xx_hal_msp.c ****   /* USER CODE END RTC_MspDeInit 1 */
 120:Src/stm32f7xx_hal_msp.c ****   }
 121:Src/stm32f7xx_hal_msp.c **** 
 122:Src/stm32f7xx_hal_msp.c **** }
 187              		.loc 1 122 0
 188 0014 F8E7     		b	.L10
 189              	.L14:
 190 0016 00BF     		.align	2
 191              	.L13:
 192 0018 00280040 		.word	1073752064
 193 001c 00380240 		.word	1073887232
 194              		.cfi_endproc
 195              	.LFE138:
 197              		.section	.text.HAL_UART_MspInit,"ax",%progbits
 198              		.align	1
 199              		.global	HAL_UART_MspInit
 200              		.syntax unified
 201              		.thumb
 202              		.thumb_func
 203              		.fpu fpv5-sp-d16
 205              	HAL_UART_MspInit:
 206              	.LFB139:
 123:Src/stm32f7xx_hal_msp.c **** 
 124:Src/stm32f7xx_hal_msp.c **** void HAL_UART_MspInit(UART_HandleTypeDef* huart)
 125:Src/stm32f7xx_hal_msp.c **** {
 207              		.loc 1 125 0
 208              		.cfi_startproc
 209              		@ args = 0, pretend = 0, frame = 24
 210              		@ frame_needed = 0, uses_anonymous_args = 0
 211              	.LVL10:
 126:Src/stm32f7xx_hal_msp.c **** 
 127:Src/stm32f7xx_hal_msp.c ****   GPIO_InitTypeDef GPIO_InitStruct;
 128:Src/stm32f7xx_hal_msp.c ****   if(huart->Instance==USART3)
 212              		.loc 1 128 0
 213 0000 0268     		ldr	r2, [r0]
 214 0002 114B     		ldr	r3, .L22
 215 0004 9A42     		cmp	r2, r3
 216 0006 00D0     		beq	.L21
 217 0008 7047     		bx	lr
 218              	.L21:
 125:Src/stm32f7xx_hal_msp.c **** 
 219              		.loc 1 125 0
 220 000a 00B5     		push	{lr}
ARM GAS  C:\Users\Student\AppData\Local\Temp\ccEx2tIs.s 			page 7


 221              	.LCFI3:
 222              		.cfi_def_cfa_offset 4
 223              		.cfi_offset 14, -4
 224 000c 87B0     		sub	sp, sp, #28
 225              	.LCFI4:
 226              		.cfi_def_cfa_offset 32
 227              	.LBB4:
 129:Src/stm32f7xx_hal_msp.c ****   {
 130:Src/stm32f7xx_hal_msp.c ****   /* USER CODE BEGIN USART3_MspInit 0 */
 131:Src/stm32f7xx_hal_msp.c **** 
 132:Src/stm32f7xx_hal_msp.c ****   /* USER CODE END USART3_MspInit 0 */
 133:Src/stm32f7xx_hal_msp.c ****     /* Peripheral clock enable */
 134:Src/stm32f7xx_hal_msp.c ****     __HAL_RCC_USART3_CLK_ENABLE();
 228              		.loc 1 134 0
 229 000e 03F5F833 		add	r3, r3, #126976
 230 0012 1A6C     		ldr	r2, [r3, #64]
 231 0014 42F48022 		orr	r2, r2, #262144
 232 0018 1A64     		str	r2, [r3, #64]
 233 001a 1B6C     		ldr	r3, [r3, #64]
 234 001c 03F48023 		and	r3, r3, #262144
 235 0020 0093     		str	r3, [sp]
 236 0022 009B     		ldr	r3, [sp]
 237              	.LBE4:
 135:Src/stm32f7xx_hal_msp.c ****   
 136:Src/stm32f7xx_hal_msp.c ****     /**USART3 GPIO Configuration    
 137:Src/stm32f7xx_hal_msp.c ****     PD8     ------> USART3_TX
 138:Src/stm32f7xx_hal_msp.c ****     PD9     ------> USART3_RX 
 139:Src/stm32f7xx_hal_msp.c ****     */
 140:Src/stm32f7xx_hal_msp.c ****     GPIO_InitStruct.Pin = STLK_RX_Pin|STLK_TX_Pin;
 238              		.loc 1 140 0
 239 0024 4FF44073 		mov	r3, #768
 240 0028 0193     		str	r3, [sp, #4]
 141:Src/stm32f7xx_hal_msp.c ****     GPIO_InitStruct.Mode = GPIO_MODE_AF_PP;
 241              		.loc 1 141 0
 242 002a 0223     		movs	r3, #2
 243 002c 0293     		str	r3, [sp, #8]
 142:Src/stm32f7xx_hal_msp.c ****     GPIO_InitStruct.Pull = GPIO_NOPULL;
 244              		.loc 1 142 0
 245 002e 0023     		movs	r3, #0
 246 0030 0393     		str	r3, [sp, #12]
 143:Src/stm32f7xx_hal_msp.c ****     GPIO_InitStruct.Speed = GPIO_SPEED_FREQ_VERY_HIGH;
 247              		.loc 1 143 0
 248 0032 0323     		movs	r3, #3
 249 0034 0493     		str	r3, [sp, #16]
 144:Src/stm32f7xx_hal_msp.c ****     GPIO_InitStruct.Alternate = GPIO_AF7_USART3;
 250              		.loc 1 144 0
 251 0036 0723     		movs	r3, #7
 252 0038 0593     		str	r3, [sp, #20]
 145:Src/stm32f7xx_hal_msp.c ****     HAL_GPIO_Init(GPIOD, &GPIO_InitStruct);
 253              		.loc 1 145 0
 254 003a 01A9     		add	r1, sp, #4
 255 003c 0348     		ldr	r0, .L22+4
 256              	.LVL11:
 257 003e FFF7FEFF 		bl	HAL_GPIO_Init
 258              	.LVL12:
 146:Src/stm32f7xx_hal_msp.c **** 
 147:Src/stm32f7xx_hal_msp.c ****   /* USER CODE BEGIN USART3_MspInit 1 */
ARM GAS  C:\Users\Student\AppData\Local\Temp\ccEx2tIs.s 			page 8


 148:Src/stm32f7xx_hal_msp.c **** 
 149:Src/stm32f7xx_hal_msp.c ****   /* USER CODE END USART3_MspInit 1 */
 150:Src/stm32f7xx_hal_msp.c ****   }
 151:Src/stm32f7xx_hal_msp.c **** 
 152:Src/stm32f7xx_hal_msp.c **** }
 259              		.loc 1 152 0
 260 0042 07B0     		add	sp, sp, #28
 261              	.LCFI5:
 262              		.cfi_def_cfa_offset 4
 263              		@ sp needed
 264 0044 5DF804FB 		ldr	pc, [sp], #4
 265              	.L23:
 266              		.align	2
 267              	.L22:
 268 0048 00480040 		.word	1073760256
 269 004c 000C0240 		.word	1073875968
 270              		.cfi_endproc
 271              	.LFE139:
 273              		.section	.text.HAL_UART_MspDeInit,"ax",%progbits
 274              		.align	1
 275              		.global	HAL_UART_MspDeInit
 276              		.syntax unified
 277              		.thumb
 278              		.thumb_func
 279              		.fpu fpv5-sp-d16
 281              	HAL_UART_MspDeInit:
 282              	.LFB140:
 153:Src/stm32f7xx_hal_msp.c **** 
 154:Src/stm32f7xx_hal_msp.c **** void HAL_UART_MspDeInit(UART_HandleTypeDef* huart)
 155:Src/stm32f7xx_hal_msp.c **** {
 283              		.loc 1 155 0
 284              		.cfi_startproc
 285              		@ args = 0, pretend = 0, frame = 0
 286              		@ frame_needed = 0, uses_anonymous_args = 0
 287              	.LVL13:
 288 0000 08B5     		push	{r3, lr}
 289              	.LCFI6:
 290              		.cfi_def_cfa_offset 8
 291              		.cfi_offset 3, -8
 292              		.cfi_offset 14, -4
 156:Src/stm32f7xx_hal_msp.c **** 
 157:Src/stm32f7xx_hal_msp.c ****   if(huart->Instance==USART3)
 293              		.loc 1 157 0
 294 0002 0268     		ldr	r2, [r0]
 295 0004 074B     		ldr	r3, .L28
 296 0006 9A42     		cmp	r2, r3
 297 0008 00D0     		beq	.L27
 298              	.LVL14:
 299              	.L24:
 300 000a 08BD     		pop	{r3, pc}
 301              	.LVL15:
 302              	.L27:
 158:Src/stm32f7xx_hal_msp.c ****   {
 159:Src/stm32f7xx_hal_msp.c ****   /* USER CODE BEGIN USART3_MspDeInit 0 */
 160:Src/stm32f7xx_hal_msp.c **** 
 161:Src/stm32f7xx_hal_msp.c ****   /* USER CODE END USART3_MspDeInit 0 */
 162:Src/stm32f7xx_hal_msp.c ****     /* Peripheral clock disable */
ARM GAS  C:\Users\Student\AppData\Local\Temp\ccEx2tIs.s 			page 9


 163:Src/stm32f7xx_hal_msp.c ****     __HAL_RCC_USART3_CLK_DISABLE();
 303              		.loc 1 163 0
 304 000c 064A     		ldr	r2, .L28+4
 305 000e 136C     		ldr	r3, [r2, #64]
 306 0010 23F48023 		bic	r3, r3, #262144
 307 0014 1364     		str	r3, [r2, #64]
 164:Src/stm32f7xx_hal_msp.c ****   
 165:Src/stm32f7xx_hal_msp.c ****     /**USART3 GPIO Configuration    
 166:Src/stm32f7xx_hal_msp.c ****     PD8     ------> USART3_TX
 167:Src/stm32f7xx_hal_msp.c ****     PD9     ------> USART3_RX 
 168:Src/stm32f7xx_hal_msp.c ****     */
 169:Src/stm32f7xx_hal_msp.c ****     HAL_GPIO_DeInit(GPIOD, STLK_RX_Pin|STLK_TX_Pin);
 308              		.loc 1 169 0
 309 0016 4FF44071 		mov	r1, #768
 310 001a 0448     		ldr	r0, .L28+8
 311              	.LVL16:
 312 001c FFF7FEFF 		bl	HAL_GPIO_DeInit
 313              	.LVL17:
 170:Src/stm32f7xx_hal_msp.c **** 
 171:Src/stm32f7xx_hal_msp.c ****   /* USER CODE BEGIN USART3_MspDeInit 1 */
 172:Src/stm32f7xx_hal_msp.c **** 
 173:Src/stm32f7xx_hal_msp.c ****   /* USER CODE END USART3_MspDeInit 1 */
 174:Src/stm32f7xx_hal_msp.c ****   }
 175:Src/stm32f7xx_hal_msp.c **** 
 176:Src/stm32f7xx_hal_msp.c **** }
 314              		.loc 1 176 0
 315 0020 F3E7     		b	.L24
 316              	.L29:
 317 0022 00BF     		.align	2
 318              	.L28:
 319 0024 00480040 		.word	1073760256
 320 0028 00380240 		.word	1073887232
 321 002c 000C0240 		.word	1073875968
 322              		.cfi_endproc
 323              	.LFE140:
 325              		.section	.text.HAL_PCD_MspInit,"ax",%progbits
 326              		.align	1
 327              		.global	HAL_PCD_MspInit
 328              		.syntax unified
 329              		.thumb
 330              		.thumb_func
 331              		.fpu fpv5-sp-d16
 333              	HAL_PCD_MspInit:
 334              	.LFB141:
 177:Src/stm32f7xx_hal_msp.c **** 
 178:Src/stm32f7xx_hal_msp.c **** void HAL_PCD_MspInit(PCD_HandleTypeDef* hpcd)
 179:Src/stm32f7xx_hal_msp.c **** {
 335              		.loc 1 179 0
 336              		.cfi_startproc
 337              		@ args = 0, pretend = 0, frame = 32
 338              		@ frame_needed = 0, uses_anonymous_args = 0
 339              	.LVL18:
 180:Src/stm32f7xx_hal_msp.c **** 
 181:Src/stm32f7xx_hal_msp.c ****   GPIO_InitTypeDef GPIO_InitStruct;
 182:Src/stm32f7xx_hal_msp.c ****   if(hpcd->Instance==USB_OTG_FS)
 340              		.loc 1 182 0
 341 0000 0368     		ldr	r3, [r0]
ARM GAS  C:\Users\Student\AppData\Local\Temp\ccEx2tIs.s 			page 10


 342 0002 B3F1A04F 		cmp	r3, #1342177280
 343 0006 00D0     		beq	.L36
 344 0008 7047     		bx	lr
 345              	.L36:
 179:Src/stm32f7xx_hal_msp.c **** 
 346              		.loc 1 179 0
 347 000a 30B5     		push	{r4, r5, lr}
 348              	.LCFI7:
 349              		.cfi_def_cfa_offset 12
 350              		.cfi_offset 4, -12
 351              		.cfi_offset 5, -8
 352              		.cfi_offset 14, -4
 353 000c 89B0     		sub	sp, sp, #36
 354              	.LCFI8:
 355              		.cfi_def_cfa_offset 48
 183:Src/stm32f7xx_hal_msp.c ****   {
 184:Src/stm32f7xx_hal_msp.c ****   /* USER CODE BEGIN USB_OTG_FS_MspInit 0 */
 185:Src/stm32f7xx_hal_msp.c **** 
 186:Src/stm32f7xx_hal_msp.c ****   /* USER CODE END USB_OTG_FS_MspInit 0 */
 187:Src/stm32f7xx_hal_msp.c ****   
 188:Src/stm32f7xx_hal_msp.c ****     /**USB_OTG_FS GPIO Configuration    
 189:Src/stm32f7xx_hal_msp.c ****     PA8     ------> USB_OTG_FS_SOF
 190:Src/stm32f7xx_hal_msp.c ****     PA9     ------> USB_OTG_FS_VBUS
 191:Src/stm32f7xx_hal_msp.c ****     PA10     ------> USB_OTG_FS_ID
 192:Src/stm32f7xx_hal_msp.c ****     PA11     ------> USB_OTG_FS_DM
 193:Src/stm32f7xx_hal_msp.c ****     PA12     ------> USB_OTG_FS_DP 
 194:Src/stm32f7xx_hal_msp.c ****     */
 195:Src/stm32f7xx_hal_msp.c ****     GPIO_InitStruct.Pin = USB_SOF_Pin|USB_ID_Pin|USB_DM_Pin|USB_DP_Pin;
 356              		.loc 1 195 0
 357 000e 4FF4E853 		mov	r3, #7424
 358 0012 0393     		str	r3, [sp, #12]
 196:Src/stm32f7xx_hal_msp.c ****     GPIO_InitStruct.Mode = GPIO_MODE_AF_PP;
 359              		.loc 1 196 0
 360 0014 0223     		movs	r3, #2
 361 0016 0493     		str	r3, [sp, #16]
 197:Src/stm32f7xx_hal_msp.c ****     GPIO_InitStruct.Pull = GPIO_NOPULL;
 362              		.loc 1 197 0
 363 0018 0024     		movs	r4, #0
 364 001a 0594     		str	r4, [sp, #20]
 198:Src/stm32f7xx_hal_msp.c ****     GPIO_InitStruct.Speed = GPIO_SPEED_FREQ_VERY_HIGH;
 365              		.loc 1 198 0
 366 001c 0323     		movs	r3, #3
 367 001e 0693     		str	r3, [sp, #24]
 199:Src/stm32f7xx_hal_msp.c ****     GPIO_InitStruct.Alternate = GPIO_AF10_OTG_FS;
 368              		.loc 1 199 0
 369 0020 0A23     		movs	r3, #10
 370 0022 0793     		str	r3, [sp, #28]
 200:Src/stm32f7xx_hal_msp.c ****     HAL_GPIO_Init(GPIOA, &GPIO_InitStruct);
 371              		.loc 1 200 0
 372 0024 114D     		ldr	r5, .L37
 373 0026 03A9     		add	r1, sp, #12
 374 0028 2846     		mov	r0, r5
 375              	.LVL19:
 376 002a FFF7FEFF 		bl	HAL_GPIO_Init
 377              	.LVL20:
 201:Src/stm32f7xx_hal_msp.c **** 
 202:Src/stm32f7xx_hal_msp.c ****     GPIO_InitStruct.Pin = USB_VBUS_Pin;
ARM GAS  C:\Users\Student\AppData\Local\Temp\ccEx2tIs.s 			page 11


 378              		.loc 1 202 0
 379 002e 4FF40073 		mov	r3, #512
 380 0032 0393     		str	r3, [sp, #12]
 203:Src/stm32f7xx_hal_msp.c ****     GPIO_InitStruct.Mode = GPIO_MODE_INPUT;
 381              		.loc 1 203 0
 382 0034 0494     		str	r4, [sp, #16]
 204:Src/stm32f7xx_hal_msp.c ****     GPIO_InitStruct.Pull = GPIO_NOPULL;
 383              		.loc 1 204 0
 384 0036 0594     		str	r4, [sp, #20]
 205:Src/stm32f7xx_hal_msp.c ****     HAL_GPIO_Init(USB_VBUS_GPIO_Port, &GPIO_InitStruct);
 385              		.loc 1 205 0
 386 0038 03A9     		add	r1, sp, #12
 387 003a 2846     		mov	r0, r5
 388 003c FFF7FEFF 		bl	HAL_GPIO_Init
 389              	.LVL21:
 390              	.LBB5:
 206:Src/stm32f7xx_hal_msp.c **** 
 207:Src/stm32f7xx_hal_msp.c ****     /* Peripheral clock enable */
 208:Src/stm32f7xx_hal_msp.c ****     __HAL_RCC_USB_OTG_FS_CLK_ENABLE();
 391              		.loc 1 208 0
 392 0040 0B4B     		ldr	r3, .L37+4
 393 0042 5A6B     		ldr	r2, [r3, #52]
 394 0044 42F08002 		orr	r2, r2, #128
 395 0048 5A63     		str	r2, [r3, #52]
 396 004a 5A6B     		ldr	r2, [r3, #52]
 397 004c 02F08002 		and	r2, r2, #128
 398 0050 0192     		str	r2, [sp, #4]
 399 0052 019A     		ldr	r2, [sp, #4]
 400              	.LBB6:
 401 0054 5A6C     		ldr	r2, [r3, #68]
 402 0056 42F48042 		orr	r2, r2, #16384
 403 005a 5A64     		str	r2, [r3, #68]
 404 005c 5B6C     		ldr	r3, [r3, #68]
 405 005e 03F48043 		and	r3, r3, #16384
 406 0062 0293     		str	r3, [sp, #8]
 407 0064 029B     		ldr	r3, [sp, #8]
 408              	.LBE6:
 409              	.LBE5:
 209:Src/stm32f7xx_hal_msp.c ****   /* USER CODE BEGIN USB_OTG_FS_MspInit 1 */
 210:Src/stm32f7xx_hal_msp.c **** 
 211:Src/stm32f7xx_hal_msp.c ****   /* USER CODE END USB_OTG_FS_MspInit 1 */
 212:Src/stm32f7xx_hal_msp.c ****   }
 213:Src/stm32f7xx_hal_msp.c **** 
 214:Src/stm32f7xx_hal_msp.c **** }
 410              		.loc 1 214 0
 411 0066 09B0     		add	sp, sp, #36
 412              	.LCFI9:
 413              		.cfi_def_cfa_offset 12
 414              		@ sp needed
 415 0068 30BD     		pop	{r4, r5, pc}
 416              	.L38:
 417 006a 00BF     		.align	2
 418              	.L37:
 419 006c 00000240 		.word	1073872896
 420 0070 00380240 		.word	1073887232
 421              		.cfi_endproc
 422              	.LFE141:
ARM GAS  C:\Users\Student\AppData\Local\Temp\ccEx2tIs.s 			page 12


 424              		.section	.text.HAL_PCD_MspDeInit,"ax",%progbits
 425              		.align	1
 426              		.global	HAL_PCD_MspDeInit
 427              		.syntax unified
 428              		.thumb
 429              		.thumb_func
 430              		.fpu fpv5-sp-d16
 432              	HAL_PCD_MspDeInit:
 433              	.LFB142:
 215:Src/stm32f7xx_hal_msp.c **** 
 216:Src/stm32f7xx_hal_msp.c **** void HAL_PCD_MspDeInit(PCD_HandleTypeDef* hpcd)
 217:Src/stm32f7xx_hal_msp.c **** {
 434              		.loc 1 217 0
 435              		.cfi_startproc
 436              		@ args = 0, pretend = 0, frame = 0
 437              		@ frame_needed = 0, uses_anonymous_args = 0
 438              	.LVL22:
 439 0000 08B5     		push	{r3, lr}
 440              	.LCFI10:
 441              		.cfi_def_cfa_offset 8
 442              		.cfi_offset 3, -8
 443              		.cfi_offset 14, -4
 218:Src/stm32f7xx_hal_msp.c **** 
 219:Src/stm32f7xx_hal_msp.c ****   if(hpcd->Instance==USB_OTG_FS)
 444              		.loc 1 219 0
 445 0002 0368     		ldr	r3, [r0]
 446 0004 B3F1A04F 		cmp	r3, #1342177280
 447 0008 00D0     		beq	.L42
 448              	.LVL23:
 449              	.L39:
 450 000a 08BD     		pop	{r3, pc}
 451              	.LVL24:
 452              	.L42:
 220:Src/stm32f7xx_hal_msp.c ****   {
 221:Src/stm32f7xx_hal_msp.c ****   /* USER CODE BEGIN USB_OTG_FS_MspDeInit 0 */
 222:Src/stm32f7xx_hal_msp.c **** 
 223:Src/stm32f7xx_hal_msp.c ****   /* USER CODE END USB_OTG_FS_MspDeInit 0 */
 224:Src/stm32f7xx_hal_msp.c ****     /* Peripheral clock disable */
 225:Src/stm32f7xx_hal_msp.c ****     __HAL_RCC_USB_OTG_FS_CLK_DISABLE();
 453              		.loc 1 225 0
 454 000c 054A     		ldr	r2, .L43
 455 000e 536B     		ldr	r3, [r2, #52]
 456 0010 23F08003 		bic	r3, r3, #128
 457 0014 5363     		str	r3, [r2, #52]
 226:Src/stm32f7xx_hal_msp.c ****   
 227:Src/stm32f7xx_hal_msp.c ****     /**USB_OTG_FS GPIO Configuration    
 228:Src/stm32f7xx_hal_msp.c ****     PA8     ------> USB_OTG_FS_SOF
 229:Src/stm32f7xx_hal_msp.c ****     PA9     ------> USB_OTG_FS_VBUS
 230:Src/stm32f7xx_hal_msp.c ****     PA10     ------> USB_OTG_FS_ID
 231:Src/stm32f7xx_hal_msp.c ****     PA11     ------> USB_OTG_FS_DM
 232:Src/stm32f7xx_hal_msp.c ****     PA12     ------> USB_OTG_FS_DP 
 233:Src/stm32f7xx_hal_msp.c ****     */
 234:Src/stm32f7xx_hal_msp.c ****     HAL_GPIO_DeInit(GPIOA, USB_SOF_Pin|USB_VBUS_Pin|USB_ID_Pin|USB_DM_Pin 
 458              		.loc 1 234 0
 459 0016 4FF4F851 		mov	r1, #7936
 460 001a 0348     		ldr	r0, .L43+4
 461              	.LVL25:
ARM GAS  C:\Users\Student\AppData\Local\Temp\ccEx2tIs.s 			page 13


 462 001c FFF7FEFF 		bl	HAL_GPIO_DeInit
 463              	.LVL26:
 235:Src/stm32f7xx_hal_msp.c ****                           |USB_DP_Pin);
 236:Src/stm32f7xx_hal_msp.c **** 
 237:Src/stm32f7xx_hal_msp.c ****   /* USER CODE BEGIN USB_OTG_FS_MspDeInit 1 */
 238:Src/stm32f7xx_hal_msp.c **** 
 239:Src/stm32f7xx_hal_msp.c ****   /* USER CODE END USB_OTG_FS_MspDeInit 1 */
 240:Src/stm32f7xx_hal_msp.c ****   }
 241:Src/stm32f7xx_hal_msp.c **** 
 242:Src/stm32f7xx_hal_msp.c **** }
 464              		.loc 1 242 0
 465 0020 F3E7     		b	.L39
 466              	.L44:
 467 0022 00BF     		.align	2
 468              	.L43:
 469 0024 00380240 		.word	1073887232
 470 0028 00000240 		.word	1073872896
 471              		.cfi_endproc
 472              	.LFE142:
 474              		.text
 475              	.Letext0:
 476              		.file 2 "c:\\gcc_toolchain\\6_2017-q1-update\\arm-none-eabi\\include\\machine\\_default_types.h"
 477              		.file 3 "c:\\gcc_toolchain\\6_2017-q1-update\\arm-none-eabi\\include\\sys\\_stdint.h"
 478              		.file 4 "Drivers/CMSIS/Include/core_cm7.h"
 479              		.file 5 "Drivers/CMSIS/Device/ST/STM32F7xx/Include/system_stm32f7xx.h"
 480              		.file 6 "Drivers/CMSIS/Device/ST/STM32F7xx/Include/stm32f746xx.h"
 481              		.file 7 "c:\\gcc_toolchain\\6_2017-q1-update\\arm-none-eabi\\include\\sys\\lock.h"
 482              		.file 8 "c:\\gcc_toolchain\\6_2017-q1-update\\arm-none-eabi\\include\\sys\\_types.h"
 483              		.file 9 "c:\\gcc_toolchain\\6_2017-q1-update\\lib\\gcc\\arm-none-eabi\\6.3.1\\include\\stddef.h"
 484              		.file 10 "c:\\gcc_toolchain\\6_2017-q1-update\\arm-none-eabi\\include\\sys\\reent.h"
 485              		.file 11 "Drivers/STM32F7xx_HAL_Driver/Inc/stm32f7xx_hal_def.h"
 486              		.file 12 "Drivers/STM32F7xx_HAL_Driver/Inc/stm32f7xx_hal_gpio.h"
 487              		.file 13 "Drivers/STM32F7xx_HAL_Driver/Inc/stm32f7xx_hal_dma.h"
 488              		.file 14 "Drivers/STM32F7xx_HAL_Driver/Inc/stm32f7xx_hal_rtc.h"
 489              		.file 15 "Drivers/STM32F7xx_HAL_Driver/Inc/stm32f7xx_hal_uart.h"
 490              		.file 16 "Drivers/STM32F7xx_HAL_Driver/Inc/stm32f7xx_ll_usb.h"
 491              		.file 17 "Drivers/STM32F7xx_HAL_Driver/Inc/stm32f7xx_hal_pcd.h"
 492              		.file 18 "Drivers/STM32F7xx_HAL_Driver/Inc/stm32f7xx_hal_cortex.h"
ARM GAS  C:\Users\Student\AppData\Local\Temp\ccEx2tIs.s 			page 14


DEFINED SYMBOLS
                            *ABS*:00000000 stm32f7xx_hal_msp.c
C:\Users\Student\AppData\Local\Temp\ccEx2tIs.s:18     .text.HAL_MspInit:00000000 $t
C:\Users\Student\AppData\Local\Temp\ccEx2tIs.s:25     .text.HAL_MspInit:00000000 HAL_MspInit
C:\Users\Student\AppData\Local\Temp\ccEx2tIs.s:115    .text.HAL_MspInit:0000008c $d
C:\Users\Student\AppData\Local\Temp\ccEx2tIs.s:120    .text.HAL_RTC_MspInit:00000000 $t
C:\Users\Student\AppData\Local\Temp\ccEx2tIs.s:127    .text.HAL_RTC_MspInit:00000000 HAL_RTC_MspInit
C:\Users\Student\AppData\Local\Temp\ccEx2tIs.s:153    .text.HAL_RTC_MspInit:00000018 $d
C:\Users\Student\AppData\Local\Temp\ccEx2tIs.s:159    .text.HAL_RTC_MspDeInit:00000000 $t
C:\Users\Student\AppData\Local\Temp\ccEx2tIs.s:166    .text.HAL_RTC_MspDeInit:00000000 HAL_RTC_MspDeInit
C:\Users\Student\AppData\Local\Temp\ccEx2tIs.s:192    .text.HAL_RTC_MspDeInit:00000018 $d
C:\Users\Student\AppData\Local\Temp\ccEx2tIs.s:198    .text.HAL_UART_MspInit:00000000 $t
C:\Users\Student\AppData\Local\Temp\ccEx2tIs.s:205    .text.HAL_UART_MspInit:00000000 HAL_UART_MspInit
C:\Users\Student\AppData\Local\Temp\ccEx2tIs.s:268    .text.HAL_UART_MspInit:00000048 $d
C:\Users\Student\AppData\Local\Temp\ccEx2tIs.s:274    .text.HAL_UART_MspDeInit:00000000 $t
C:\Users\Student\AppData\Local\Temp\ccEx2tIs.s:281    .text.HAL_UART_MspDeInit:00000000 HAL_UART_MspDeInit
C:\Users\Student\AppData\Local\Temp\ccEx2tIs.s:319    .text.HAL_UART_MspDeInit:00000024 $d
C:\Users\Student\AppData\Local\Temp\ccEx2tIs.s:326    .text.HAL_PCD_MspInit:00000000 $t
C:\Users\Student\AppData\Local\Temp\ccEx2tIs.s:333    .text.HAL_PCD_MspInit:00000000 HAL_PCD_MspInit
C:\Users\Student\AppData\Local\Temp\ccEx2tIs.s:419    .text.HAL_PCD_MspInit:0000006c $d
C:\Users\Student\AppData\Local\Temp\ccEx2tIs.s:425    .text.HAL_PCD_MspDeInit:00000000 $t
C:\Users\Student\AppData\Local\Temp\ccEx2tIs.s:432    .text.HAL_PCD_MspDeInit:00000000 HAL_PCD_MspDeInit
C:\Users\Student\AppData\Local\Temp\ccEx2tIs.s:469    .text.HAL_PCD_MspDeInit:00000024 $d
                     .debug_frame:00000010 $d

UNDEFINED SYMBOLS
HAL_NVIC_SetPriorityGrouping
HAL_NVIC_SetPriority
HAL_GPIO_Init
HAL_GPIO_DeInit
